<?xml version="1.0" encoding="UTF-8"?>
<testsuite xmlns:xsi="http://www.w3.org/2001/XMLSchema-instance" xsi:noNamespaceSchemaLocation="https://maven.apache.org/surefire/maven-surefire-plugin/xsd/surefire-test-report.xsd" version="3.0.2" name="com.patomicroservicios.stock_service.StockServiceApplicationTests" time="1.053" tests="1" errors="1" skipped="0" failures="0">
  <properties>
    <property name="java.specification.version" value="17"/>
    <property name="sun.cpu.isalist" value="amd64"/>
    <property name="sun.jnu.encoding" value="Cp1252"/>
    <property name="java.class.path" value="C:\Users\Patricio\Downloads\microservicios-stock\stock-service\stock-service\target\test-classes;C:\Users\Patricio\Downloads\microservicios-stock\stock-service\stock-service\target\classes;C:\Users\Patricio\.m2\repository\org\springframework\boot\spring-boot-starter-amqp\3.4.7\spring-boot-starter-amqp-3.4.7.jar;C:\Users\Patricio\.m2\repository\org\springframework\boot\spring-boot-starter\3.4.7\spring-boot-starter-3.4.7.jar;C:\Users\Patricio\.m2\repository\org\springframework\boot\spring-boot\3.4.7\spring-boot-3.4.7.jar;C:\Users\Patricio\.m2\repository\org\springframework\boot\spring-boot-autoconfigure\3.4.7\spring-boot-autoconfigure-3.4.7.jar;C:\Users\Patricio\.m2\repository\org\springframework\boot\spring-boot-starter-logging\3.4.7\spring-boot-starter-logging-3.4.7.jar;C:\Users\Patricio\.m2\repository\ch\qos\logback\logback-classic\1.5.18\logback-classic-1.5.18.jar;C:\Users\Patricio\.m2\repository\ch\qos\logback\logback-core\1.5.18\logback-core-1.5.18.jar;C:\Users\Patricio\.m2\repository\org\apache\logging\log4j\log4j-to-slf4j\2.24.3\log4j-to-slf4j-2.24.3.jar;C:\Users\Patricio\.m2\repository\org\apache\logging\log4j\log4j-api\2.24.3\log4j-api-2.24.3.jar;C:\Users\Patricio\.m2\repository\org\slf4j\jul-to-slf4j\2.0.17\jul-to-slf4j-2.0.17.jar;C:\Users\Patricio\.m2\repository\jakarta\annotation\jakarta.annotation-api\2.1.1\jakarta.annotation-api-2.1.1.jar;C:\Users\Patricio\.m2\repository\org\yaml\snakeyaml\2.3\snakeyaml-2.3.jar;C:\Users\Patricio\.m2\repository\org\springframework\spring-messaging\6.2.8\spring-messaging-6.2.8.jar;C:\Users\Patricio\.m2\repository\org\springframework\amqp\spring-rabbit\3.2.5\spring-rabbit-3.2.5.jar;C:\Users\Patricio\.m2\repository\org\springframework\amqp\spring-amqp\3.2.5\spring-amqp-3.2.5.jar;C:\Users\Patricio\.m2\repository\org\springframework\retry\spring-retry\2.0.12\spring-retry-2.0.12.jar;C:\Users\Patricio\.m2\repository\com\rabbitmq\amqp-client\5.22.0\amqp-client-5.22.0.jar;C:\Users\Patricio\.m2\repository\org\springframework\spring-tx\6.2.8\spring-tx-6.2.8.jar;C:\Users\Patricio\.m2\repository\org\springframework\boot\spring-boot-starter-actuator\3.4.7\spring-boot-starter-actuator-3.4.7.jar;C:\Users\Patricio\.m2\repository\org\springframework\boot\spring-boot-actuator-autoconfigure\3.4.7\spring-boot-actuator-autoconfigure-3.4.7.jar;C:\Users\Patricio\.m2\repository\org\springframework\boot\spring-boot-actuator\3.4.7\spring-boot-actuator-3.4.7.jar;C:\Users\Patricio\.m2\repository\com\fasterxml\jackson\core\jackson-databind\2.18.4\jackson-databind-2.18.4.jar;C:\Users\Patricio\.m2\repository\com\fasterxml\jackson\datatype\jackson-datatype-jsr310\2.18.4\jackson-datatype-jsr310-2.18.4.jar;C:\Users\Patricio\.m2\repository\io\micrometer\micrometer-observation\1.14.8\micrometer-observation-1.14.8.jar;C:\Users\Patricio\.m2\repository\io\micrometer\micrometer-commons\1.14.8\micrometer-commons-1.14.8.jar;C:\Users\Patricio\.m2\repository\io\micrometer\micrometer-jakarta9\1.14.8\micrometer-jakarta9-1.14.8.jar;C:\Users\Patricio\.m2\repository\io\micrometer\micrometer-core\1.14.8\micrometer-core-1.14.8.jar;C:\Users\Patricio\.m2\repository\org\hdrhistogram\HdrHistogram\2.2.2\HdrHistogram-2.2.2.jar;C:\Users\Patricio\.m2\repository\org\latencyutils\LatencyUtils\2.0.3\LatencyUtils-2.0.3.jar;C:\Users\Patricio\.m2\repository\org\springframework\boot\spring-boot-starter-oauth2-resource-server\3.4.7\spring-boot-starter-oauth2-resource-server-3.4.7.jar;C:\Users\Patricio\.m2\repository\org\springframework\security\spring-security-core\6.4.7\spring-security-core-6.4.7.jar;C:\Users\Patricio\.m2\repository\org\springframework\security\spring-security-crypto\6.4.7\spring-security-crypto-6.4.7.jar;C:\Users\Patricio\.m2\repository\org\springframework\spring-expression\6.2.8\spring-expression-6.2.8.jar;C:\Users\Patricio\.m2\repository\org\springframework\security\spring-security-oauth2-resource-server\6.4.7\spring-security-oauth2-resource-server-6.4.7.jar;C:\Users\Patricio\.m2\repository\org\springframework\security\spring-security-oauth2-core\6.4.7\spring-security-oauth2-core-6.4.7.jar;C:\Users\Patricio\.m2\repository\org\springframework\security\spring-security-web\6.4.7\spring-security-web-6.4.7.jar;C:\Users\Patricio\.m2\repository\org\springframework\security\spring-security-oauth2-jose\6.4.7\spring-security-oauth2-jose-6.4.7.jar;C:\Users\Patricio\.m2\repository\com\nimbusds\nimbus-jose-jwt\9.37.3\nimbus-jose-jwt-9.37.3.jar;C:\Users\Patricio\.m2\repository\com\github\stephenc\jcip\jcip-annotations\1.0-1\jcip-annotations-1.0-1.jar;C:\Users\Patricio\.m2\repository\org\springdoc\springdoc-openapi-starter-webmvc-ui\2.8.9\springdoc-openapi-starter-webmvc-ui-2.8.9.jar;C:\Users\Patricio\.m2\repository\org\springdoc\springdoc-openapi-starter-webmvc-api\2.8.9\springdoc-openapi-starter-webmvc-api-2.8.9.jar;C:\Users\Patricio\.m2\repository\org\springdoc\springdoc-openapi-starter-common\2.8.9\springdoc-openapi-starter-common-2.8.9.jar;C:\Users\Patricio\.m2\repository\org\springframework\boot\spring-boot-starter-validation\3.4.7\spring-boot-starter-validation-3.4.7.jar;C:\Users\Patricio\.m2\repository\org\hibernate\validator\hibernate-validator\8.0.2.Final\hibernate-validator-8.0.2.Final.jar;C:\Users\Patricio\.m2\repository\io\swagger\core\v3\swagger-core-jakarta\2.2.30\swagger-core-jakarta-2.2.30.jar;C:\Users\Patricio\.m2\repository\org\apache\commons\commons-lang3\3.17.0\commons-lang3-3.17.0.jar;C:\Users\Patricio\.m2\repository\io\swagger\core\v3\swagger-annotations-jakarta\2.2.30\swagger-annotations-jakarta-2.2.30.jar;C:\Users\Patricio\.m2\repository\io\swagger\core\v3\swagger-models-jakarta\2.2.30\swagger-models-jakarta-2.2.30.jar;C:\Users\Patricio\.m2\repository\jakarta\validation\jakarta.validation-api\3.0.2\jakarta.validation-api-3.0.2.jar;C:\Users\Patricio\.m2\repository\com\fasterxml\jackson\dataformat\jackson-dataformat-yaml\2.18.4\jackson-dataformat-yaml-2.18.4.jar;C:\Users\Patricio\.m2\repository\org\webjars\swagger-ui\5.21.0\swagger-ui-5.21.0.jar;C:\Users\Patricio\.m2\repository\org\webjars\webjars-locator-lite\1.0.1\webjars-locator-lite-1.0.1.jar;C:\Users\Patricio\.m2\repository\org\jspecify\jspecify\1.0.0\jspecify-1.0.0.jar;C:\Users\Patricio\.m2\repository\org\springframework\cloud\spring-cloud-starter-openfeign\4.2.1\spring-cloud-starter-openfeign-4.2.1.jar;C:\Users\Patricio\.m2\repository\org\springframework\cloud\spring-cloud-starter\4.2.1\spring-cloud-starter-4.2.1.jar;C:\Users\Patricio\.m2\repository\org\springframework\cloud\spring-cloud-context\4.2.1\spring-cloud-context-4.2.1.jar;C:\Users\Patricio\.m2\repository\org\bouncycastle\bcprov-jdk18on\1.78.1\bcprov-jdk18on-1.78.1.jar;C:\Users\Patricio\.m2\repository\org\springframework\cloud\spring-cloud-openfeign-core\4.2.1\spring-cloud-openfeign-core-4.2.1.jar;C:\Users\Patricio\.m2\repository\io\github\openfeign\feign-form-spring\13.5\feign-form-spring-13.5.jar;C:\Users\Patricio\.m2\repository\io\github\openfeign\feign-form\13.5\feign-form-13.5.jar;C:\Users\Patricio\.m2\repository\commons-fileupload\commons-fileupload\1.5\commons-fileupload-1.5.jar;C:\Users\Patricio\.m2\repository\org\springframework\spring-web\6.2.8\spring-web-6.2.8.jar;C:\Users\Patricio\.m2\repository\org\springframework\cloud\spring-cloud-commons\4.2.1\spring-cloud-commons-4.2.1.jar;C:\Users\Patricio\.m2\repository\io\github\openfeign\feign-core\13.5\feign-core-13.5.jar;C:\Users\Patricio\.m2\repository\io\github\openfeign\feign-slf4j\13.5\feign-slf4j-13.5.jar;C:\Users\Patricio\.m2\repository\org\slf4j\slf4j-api\2.0.17\slf4j-api-2.0.17.jar;C:\Users\Patricio\.m2\repository\org\springframework\boot\spring-boot-starter-data-jpa\3.4.7\spring-boot-starter-data-jpa-3.4.7.jar;C:\Users\Patricio\.m2\repository\org\springframework\boot\spring-boot-starter-jdbc\3.4.7\spring-boot-starter-jdbc-3.4.7.jar;C:\Users\Patricio\.m2\repository\com\zaxxer\HikariCP\5.1.0\HikariCP-5.1.0.jar;C:\Users\Patricio\.m2\repository\org\springframework\spring-jdbc\6.2.8\spring-jdbc-6.2.8.jar;C:\Users\Patricio\.m2\repository\org\hibernate\orm\hibernate-core\6.6.18.Final\hibernate-core-6.6.18.Final.jar;C:\Users\Patricio\.m2\repository\jakarta\persistence\jakarta.persistence-api\3.1.0\jakarta.persistence-api-3.1.0.jar;C:\Users\Patricio\.m2\repository\jakarta\transaction\jakarta.transaction-api\2.0.1\jakarta.transaction-api-2.0.1.jar;C:\Users\Patricio\.m2\repository\org\jboss\logging\jboss-logging\3.6.1.Final\jboss-logging-3.6.1.Final.jar;C:\Users\Patricio\.m2\repository\org\hibernate\common\hibernate-commons-annotations\7.0.3.Final\hibernate-commons-annotations-7.0.3.Final.jar;C:\Users\Patricio\.m2\repository\io\smallrye\jandex\3.2.0\jandex-3.2.0.jar;C:\Users\Patricio\.m2\repository\com\fasterxml\classmate\1.7.0\classmate-1.7.0.jar;C:\Users\Patricio\.m2\repository\net\bytebuddy\byte-buddy\1.15.11\byte-buddy-1.15.11.jar;C:\Users\Patricio\.m2\repository\org\glassfish\jaxb\jaxb-runtime\4.0.5\jaxb-runtime-4.0.5.jar;C:\Users\Patricio\.m2\repository\org\glassfish\jaxb\jaxb-core\4.0.5\jaxb-core-4.0.5.jar;C:\Users\Patricio\.m2\repository\org\eclipse\angus\angus-activation\2.0.2\angus-activation-2.0.2.jar;C:\Users\Patricio\.m2\repository\org\glassfish\jaxb\txw2\4.0.5\txw2-4.0.5.jar;C:\Users\Patricio\.m2\repository\com\sun\istack\istack-commons-runtime\4.1.2\istack-commons-runtime-4.1.2.jar;C:\Users\Patricio\.m2\repository\jakarta\inject\jakarta.inject-api\2.0.1\jakarta.inject-api-2.0.1.jar;C:\Users\Patricio\.m2\repository\org\antlr\antlr4-runtime\4.13.0\antlr4-runtime-4.13.0.jar;C:\Users\Patricio\.m2\repository\org\springframework\data\spring-data-jpa\3.4.7\spring-data-jpa-3.4.7.jar;C:\Users\Patricio\.m2\repository\org\springframework\data\spring-data-commons\3.4.7\spring-data-commons-3.4.7.jar;C:\Users\Patricio\.m2\repository\org\springframework\spring-orm\6.2.8\spring-orm-6.2.8.jar;C:\Users\Patricio\.m2\repository\org\springframework\spring-aspects\6.2.8\spring-aspects-6.2.8.jar;C:\Users\Patricio\.m2\repository\org\aspectj\aspectjweaver\1.9.24\aspectjweaver-1.9.24.jar;C:\Users\Patricio\.m2\repository\org\springframework\boot\spring-boot-starter-web\3.4.7\spring-boot-starter-web-3.4.7.jar;C:\Users\Patricio\.m2\repository\org\springframework\boot\spring-boot-starter-json\3.4.7\spring-boot-starter-json-3.4.7.jar;C:\Users\Patricio\.m2\repository\com\fasterxml\jackson\datatype\jackson-datatype-jdk8\2.18.4\jackson-datatype-jdk8-2.18.4.jar;C:\Users\Patricio\.m2\repository\com\fasterxml\jackson\module\jackson-module-parameter-names\2.18.4\jackson-module-parameter-names-2.18.4.jar;C:\Users\Patricio\.m2\repository\org\springframework\boot\spring-boot-starter-tomcat\3.4.7\spring-boot-starter-tomcat-3.4.7.jar;C:\Users\Patricio\.m2\repository\org\apache\tomcat\embed\tomcat-embed-core\10.1.42\tomcat-embed-core-10.1.42.jar;C:\Users\Patricio\.m2\repository\org\apache\tomcat\embed\tomcat-embed-el\10.1.42\tomcat-embed-el-10.1.42.jar;C:\Users\Patricio\.m2\repository\org\apache\tomcat\embed\tomcat-embed-websocket\10.1.42\tomcat-embed-websocket-10.1.42.jar;C:\Users\Patricio\.m2\repository\org\springframework\spring-webmvc\6.2.8\spring-webmvc-6.2.8.jar;C:\Users\Patricio\.m2\repository\org\springframework\cloud\spring-cloud-starter-netflix-eureka-client\4.2.1\spring-cloud-starter-netflix-eureka-client-4.2.1.jar;C:\Users\Patricio\.m2\repository\org\springframework\cloud\spring-cloud-netflix-eureka-client\4.2.1\spring-cloud-netflix-eureka-client-4.2.1.jar;C:\Users\Patricio\.m2\repository\org\apache\httpcomponents\client5\httpclient5\5.4.4\httpclient5-5.4.4.jar;C:\Users\Patricio\.m2\repository\org\apache\httpcomponents\core5\httpcore5\5.3.4\httpcore5-5.3.4.jar;C:\Users\Patricio\.m2\repository\org\apache\httpcomponents\core5\httpcore5-h2\5.3.4\httpcore5-h2-5.3.4.jar;C:\Users\Patricio\.m2\repository\com\netflix\eureka\eureka-client\2.0.4\eureka-client-2.0.4.jar;C:\Users\Patricio\.m2\repository\com\thoughtworks\xstream\xstream\1.4.20\xstream-1.4.20.jar;C:\Users\Patricio\.m2\repository\io\github\x-stream\mxparser\1.2.2\mxparser-1.2.2.jar;C:\Users\Patricio\.m2\repository\xmlpull\xmlpull\1.1.3.1\xmlpull-1.1.3.1.jar;C:\Users\Patricio\.m2\repository\jakarta\ws\rs\jakarta.ws.rs-api\3.1.0\jakarta.ws.rs-api-3.1.0.jar;C:\Users\Patricio\.m2\repository\com\netflix\spectator\spectator-api\1.7.3\spectator-api-1.7.3.jar;C:\Users\Patricio\.m2\repository\org\apache\httpcomponents\httpclient\4.5.3\httpclient-4.5.3.jar;C:\Users\Patricio\.m2\repository\org\apache\httpcomponents\httpcore\4.4.16\httpcore-4.4.16.jar;C:\Users\Patricio\.m2\repository\commons-codec\commons-codec\1.17.2\commons-codec-1.17.2.jar;C:\Users\Patricio\.m2\repository\commons-configuration\commons-configuration\1.10\commons-configuration-1.10.jar;C:\Users\Patricio\.m2\repository\commons-lang\commons-lang\2.6\commons-lang-2.6.jar;C:\Users\Patricio\.m2\repository\com\fasterxml\jackson\core\jackson-annotations\2.18.4\jackson-annotations-2.18.4.jar;C:\Users\Patricio\.m2\repository\com\fasterxml\jackson\core\jackson-core\2.18.4.1\jackson-core-2.18.4.1.jar;C:\Users\Patricio\.m2\repository\com\netflix\netflix-commons\netflix-eventbus\0.3.0\netflix-eventbus-0.3.0.jar;C:\Users\Patricio\.m2\repository\com\netflix\netflix-commons\netflix-infix\0.3.0\netflix-infix-0.3.0.jar;C:\Users\Patricio\.m2\repository\commons-jxpath\commons-jxpath\1.3\commons-jxpath-1.3.jar;C:\Users\Patricio\.m2\repository\joda-time\joda-time\2.3\joda-time-2.3.jar;C:\Users\Patricio\.m2\repository\org\antlr\antlr-runtime\3.4\antlr-runtime-3.4.jar;C:\Users\Patricio\.m2\repository\org\antlr\stringtemplate\3.2.1\stringtemplate-3.2.1.jar;C:\Users\Patricio\.m2\repository\antlr\antlr\2.7.7\antlr-2.7.7.jar;C:\Users\Patricio\.m2\repository\com\google\guava\guava\14.0.1\guava-14.0.1.jar;C:\Users\Patricio\.m2\repository\com\google\code\gson\gson\2.11.0\gson-2.11.0.jar;C:\Users\Patricio\.m2\repository\com\google\errorprone\error_prone_annotations\2.27.0\error_prone_annotations-2.27.0.jar;C:\Users\Patricio\.m2\repository\com\netflix\servo\servo-core\0.5.3\servo-core-0.5.3.jar;C:\Users\Patricio\.m2\repository\org\apache\commons\commons-math\2.2\commons-math-2.2.jar;C:\Users\Patricio\.m2\repository\javax\annotation\javax.annotation-api\1.2\javax.annotation-api-1.2.jar;C:\Users\Patricio\.m2\repository\org\codehaus\jettison\jettison\1.5.4\jettison-1.5.4.jar;C:\Users\Patricio\.m2\repository\org\springframework\cloud\spring-cloud-starter-loadbalancer\4.2.1\spring-cloud-starter-loadbalancer-4.2.1.jar;C:\Users\Patricio\.m2\repository\org\springframework\cloud\spring-cloud-loadbalancer\4.2.1\spring-cloud-loadbalancer-4.2.1.jar;C:\Users\Patricio\.m2\repository\io\projectreactor\reactor-core\3.7.7\reactor-core-3.7.7.jar;C:\Users\Patricio\.m2\repository\org\reactivestreams\reactive-streams\1.0.4\reactive-streams-1.0.4.jar;C:\Users\Patricio\.m2\repository\io\projectreactor\addons\reactor-extra\3.5.2\reactor-extra-3.5.2.jar;C:\Users\Patricio\.m2\repository\org\springframework\boot\spring-boot-starter-cache\3.4.7\spring-boot-starter-cache-3.4.7.jar;C:\Users\Patricio\.m2\repository\org\springframework\spring-context-support\6.2.8\spring-context-support-6.2.8.jar;C:\Users\Patricio\.m2\repository\com\stoyanr\evictor\1.0.0\evictor-1.0.0.jar;C:\Users\Patricio\.m2\repository\com\mysql\mysql-connector-j\9.1.0\mysql-connector-j-9.1.0.jar;C:\Users\Patricio\.m2\repository\org\projectlombok\lombok\1.18.38\lombok-1.18.38.jar;C:\Users\Patricio\.m2\repository\org\springframework\boot\spring-boot-starter-test\3.4.7\spring-boot-starter-test-3.4.7.jar;C:\Users\Patricio\.m2\repository\org\springframework\boot\spring-boot-test\3.4.7\spring-boot-test-3.4.7.jar;C:\Users\Patricio\.m2\repository\org\springframework\boot\spring-boot-test-autoconfigure\3.4.7\spring-boot-test-autoconfigure-3.4.7.jar;C:\Users\Patricio\.m2\repository\com\jayway\jsonpath\json-path\2.9.0\json-path-2.9.0.jar;C:\Users\Patricio\.m2\repository\jakarta\xml\bind\jakarta.xml.bind-api\4.0.2\jakarta.xml.bind-api-4.0.2.jar;C:\Users\Patricio\.m2\repository\jakarta\activation\jakarta.activation-api\2.1.3\jakarta.activation-api-2.1.3.jar;C:\Users\Patricio\.m2\repository\net\minidev\json-smart\2.5.2\json-smart-2.5.2.jar;C:\Users\Patricio\.m2\repository\net\minidev\accessors-smart\2.5.2\accessors-smart-2.5.2.jar;C:\Users\Patricio\.m2\repository\org\ow2\asm\asm\9.7.1\asm-9.7.1.jar;C:\Users\Patricio\.m2\repository\org\assertj\assertj-core\3.26.3\assertj-core-3.26.3.jar;C:\Users\Patricio\.m2\repository\org\awaitility\awaitility\4.2.2\awaitility-4.2.2.jar;C:\Users\Patricio\.m2\repository\org\hamcrest\hamcrest\2.2\hamcrest-2.2.jar;C:\Users\Patricio\.m2\repository\org\junit\jupiter\junit-jupiter\5.11.4\junit-jupiter-5.11.4.jar;C:\Users\Patricio\.m2\repository\org\junit\jupiter\junit-jupiter-api\5.11.4\junit-jupiter-api-5.11.4.jar;C:\Users\Patricio\.m2\repository\org\opentest4j\opentest4j\1.3.0\opentest4j-1.3.0.jar;C:\Users\Patricio\.m2\repository\org\junit\platform\junit-platform-commons\1.11.4\junit-platform-commons-1.11.4.jar;C:\Users\Patricio\.m2\repository\org\apiguardian\apiguardian-api\1.1.2\apiguardian-api-1.1.2.jar;C:\Users\Patricio\.m2\repository\org\junit\jupiter\junit-jupiter-params\5.11.4\junit-jupiter-params-5.11.4.jar;C:\Users\Patricio\.m2\repository\org\junit\jupiter\junit-jupiter-engine\5.11.4\junit-jupiter-engine-5.11.4.jar;C:\Users\Patricio\.m2\repository\org\junit\platform\junit-platform-engine\1.11.4\junit-platform-engine-1.11.4.jar;C:\Users\Patricio\.m2\repository\org\mockito\mockito-core\5.14.2\mockito-core-5.14.2.jar;C:\Users\Patricio\.m2\repository\net\bytebuddy\byte-buddy-agent\1.15.11\byte-buddy-agent-1.15.11.jar;C:\Users\Patricio\.m2\repository\org\objenesis\objenesis\3.3\objenesis-3.3.jar;C:\Users\Patricio\.m2\repository\org\mockito\mockito-junit-jupiter\5.14.2\mockito-junit-jupiter-5.14.2.jar;C:\Users\Patricio\.m2\repository\org\skyscreamer\jsonassert\1.5.3\jsonassert-1.5.3.jar;C:\Users\Patricio\.m2\repository\com\vaadin\external\google\android-json\0.0.20131108.vaadin1\android-json-0.0.20131108.vaadin1.jar;C:\Users\Patricio\.m2\repository\org\springframework\spring-core\6.2.8\spring-core-6.2.8.jar;C:\Users\Patricio\.m2\repository\org\springframework\spring-jcl\6.2.8\spring-jcl-6.2.8.jar;C:\Users\Patricio\.m2\repository\org\springframework\spring-test\6.2.8\spring-test-6.2.8.jar;C:\Users\Patricio\.m2\repository\org\xmlunit\xmlunit-core\2.10.2\xmlunit-core-2.10.2.jar;C:\Users\Patricio\.m2\repository\org\springframework\security\spring-security-config\6.4.7\spring-security-config-6.4.7.jar;C:\Users\Patricio\.m2\repository\org\springframework\spring-aop\6.2.8\spring-aop-6.2.8.jar;C:\Users\Patricio\.m2\repository\org\springframework\spring-beans\6.2.8\spring-beans-6.2.8.jar;C:\Users\Patricio\.m2\repository\org\springframework\spring-context\6.2.8\spring-context-6.2.8.jar;C:\Users\Patricio\.m2\repository\org\modelmapper\modelmapper\3.2.0\modelmapper-3.2.0.jar;C:\Users\Patricio\.m2\repository\org\springframework\cloud\spring-cloud-starter-circuitbreaker-resilience4j\3.2.1\spring-cloud-starter-circuitbreaker-resilience4j-3.2.1.jar;C:\Users\Patricio\.m2\repository\org\springframework\cloud\spring-cloud-circuitbreaker-resilience4j\3.2.1\spring-cloud-circuitbreaker-resilience4j-3.2.1.jar;C:\Users\Patricio\.m2\repository\io\github\resilience4j\resilience4j-spring-boot3\2.2.0\resilience4j-spring-boot3-2.2.0.jar;C:\Users\Patricio\.m2\repository\io\github\resilience4j\resilience4j-spring6\2.2.0\resilience4j-spring6-2.2.0.jar;C:\Users\Patricio\.m2\repository\io\github\resilience4j\resilience4j-annotations\2.2.0\resilience4j-annotations-2.2.0.jar;C:\Users\Patricio\.m2\repository\io\github\resilience4j\resilience4j-consumer\2.2.0\resilience4j-consumer-2.2.0.jar;C:\Users\Patricio\.m2\repository\io\github\resilience4j\resilience4j-circularbuffer\2.2.0\resilience4j-circularbuffer-2.2.0.jar;C:\Users\Patricio\.m2\repository\io\github\resilience4j\resilience4j-framework-common\2.2.0\resilience4j-framework-common-2.2.0.jar;C:\Users\Patricio\.m2\repository\io\github\resilience4j\resilience4j-micrometer\2.2.0\resilience4j-micrometer-2.2.0.jar;C:\Users\Patricio\.m2\repository\io\github\resilience4j\resilience4j-retry\2.2.0\resilience4j-retry-2.2.0.jar;C:\Users\Patricio\.m2\repository\io\github\resilience4j\resilience4j-ratelimiter\2.2.0\resilience4j-ratelimiter-2.2.0.jar;C:\Users\Patricio\.m2\repository\org\springframework\boot\spring-boot-configuration-processor\3.4.7\spring-boot-configuration-processor-3.4.7.jar;C:\Users\Patricio\.m2\repository\io\github\resilience4j\resilience4j-circuitbreaker\2.2.0\resilience4j-circuitbreaker-2.2.0.jar;C:\Users\Patricio\.m2\repository\io\github\resilience4j\resilience4j-core\2.2.0\resilience4j-core-2.2.0.jar;C:\Users\Patricio\.m2\repository\io\github\resilience4j\resilience4j-timelimiter\2.2.0\resilience4j-timelimiter-2.2.0.jar;"/>
    <property name="java.vm.vendor" value="Oracle Corporation"/>
    <property name="sun.arch.data.model" value="64"/>
    <property name="user.variant" value=""/>
    <property name="java.vendor.url" value="https://java.oracle.com/"/>
    <property name="user.timezone" value="America/Buenos_Aires"/>
    <property name="os.name" value="Windows 11"/>
    <property name="java.vm.specification.version" value="17"/>
    <property name="sun.java.launcher" value="SUN_STANDARD"/>
    <property name="user.country" value="AR"/>
    <property name="sun.boot.library.path" value="C:\Program Files\Java\jdk-17\bin"/>
    <property name="sun.java.command" value="C:\Users\Patricio\AppData\Local\Temp\surefire13816467198615267890\surefirebooter-20250911042920092_3.jar C:\Users\Patricio\AppData\Local\Temp\surefire13816467198615267890 2025-09-11T04-29-19_853-jvmRun1 surefire-20250911042920092_1tmp surefire_0-20250911042920092_2tmp"/>
    <property name="jdk.debug" value="release"/>
    <property name="surefire.test.class.path" value="C:\Users\Patricio\Downloads\microservicios-stock\stock-service\stock-service\target\test-classes;C:\Users\Patricio\Downloads\microservicios-stock\stock-service\stock-service\target\classes;C:\Users\Patricio\.m2\repository\org\springframework\boot\spring-boot-starter-amqp\3.4.7\spring-boot-starter-amqp-3.4.7.jar;C:\Users\Patricio\.m2\repository\org\springframework\boot\spring-boot-starter\3.4.7\spring-boot-starter-3.4.7.jar;C:\Users\Patricio\.m2\repository\org\springframework\boot\spring-boot\3.4.7\spring-boot-3.4.7.jar;C:\Users\Patricio\.m2\repository\org\springframework\boot\spring-boot-autoconfigure\3.4.7\spring-boot-autoconfigure-3.4.7.jar;C:\Users\Patricio\.m2\repository\org\springframework\boot\spring-boot-starter-logging\3.4.7\spring-boot-starter-logging-3.4.7.jar;C:\Users\Patricio\.m2\repository\ch\qos\logback\logback-classic\1.5.18\logback-classic-1.5.18.jar;C:\Users\Patricio\.m2\repository\ch\qos\logback\logback-core\1.5.18\logback-core-1.5.18.jar;C:\Users\Patricio\.m2\repository\org\apache\logging\log4j\log4j-to-slf4j\2.24.3\log4j-to-slf4j-2.24.3.jar;C:\Users\Patricio\.m2\repository\org\apache\logging\log4j\log4j-api\2.24.3\log4j-api-2.24.3.jar;C:\Users\Patricio\.m2\repository\org\slf4j\jul-to-slf4j\2.0.17\jul-to-slf4j-2.0.17.jar;C:\Users\Patricio\.m2\repository\jakarta\annotation\jakarta.annotation-api\2.1.1\jakarta.annotation-api-2.1.1.jar;C:\Users\Patricio\.m2\repository\org\yaml\snakeyaml\2.3\snakeyaml-2.3.jar;C:\Users\Patricio\.m2\repository\org\springframework\spring-messaging\6.2.8\spring-messaging-6.2.8.jar;C:\Users\Patricio\.m2\repository\org\springframework\amqp\spring-rabbit\3.2.5\spring-rabbit-3.2.5.jar;C:\Users\Patricio\.m2\repository\org\springframework\amqp\spring-amqp\3.2.5\spring-amqp-3.2.5.jar;C:\Users\Patricio\.m2\repository\org\springframework\retry\spring-retry\2.0.12\spring-retry-2.0.12.jar;C:\Users\Patricio\.m2\repository\com\rabbitmq\amqp-client\5.22.0\amqp-client-5.22.0.jar;C:\Users\Patricio\.m2\repository\org\springframework\spring-tx\6.2.8\spring-tx-6.2.8.jar;C:\Users\Patricio\.m2\repository\org\springframework\boot\spring-boot-starter-actuator\3.4.7\spring-boot-starter-actuator-3.4.7.jar;C:\Users\Patricio\.m2\repository\org\springframework\boot\spring-boot-actuator-autoconfigure\3.4.7\spring-boot-actuator-autoconfigure-3.4.7.jar;C:\Users\Patricio\.m2\repository\org\springframework\boot\spring-boot-actuator\3.4.7\spring-boot-actuator-3.4.7.jar;C:\Users\Patricio\.m2\repository\com\fasterxml\jackson\core\jackson-databind\2.18.4\jackson-databind-2.18.4.jar;C:\Users\Patricio\.m2\repository\com\fasterxml\jackson\datatype\jackson-datatype-jsr310\2.18.4\jackson-datatype-jsr310-2.18.4.jar;C:\Users\Patricio\.m2\repository\io\micrometer\micrometer-observation\1.14.8\micrometer-observation-1.14.8.jar;C:\Users\Patricio\.m2\repository\io\micrometer\micrometer-commons\1.14.8\micrometer-commons-1.14.8.jar;C:\Users\Patricio\.m2\repository\io\micrometer\micrometer-jakarta9\1.14.8\micrometer-jakarta9-1.14.8.jar;C:\Users\Patricio\.m2\repository\io\micrometer\micrometer-core\1.14.8\micrometer-core-1.14.8.jar;C:\Users\Patricio\.m2\repository\org\hdrhistogram\HdrHistogram\2.2.2\HdrHistogram-2.2.2.jar;C:\Users\Patricio\.m2\repository\org\latencyutils\LatencyUtils\2.0.3\LatencyUtils-2.0.3.jar;C:\Users\Patricio\.m2\repository\org\springframework\boot\spring-boot-starter-oauth2-resource-server\3.4.7\spring-boot-starter-oauth2-resource-server-3.4.7.jar;C:\Users\Patricio\.m2\repository\org\springframework\security\spring-security-core\6.4.7\spring-security-core-6.4.7.jar;C:\Users\Patricio\.m2\repository\org\springframework\security\spring-security-crypto\6.4.7\spring-security-crypto-6.4.7.jar;C:\Users\Patricio\.m2\repository\org\springframework\spring-expression\6.2.8\spring-expression-6.2.8.jar;C:\Users\Patricio\.m2\repository\org\springframework\security\spring-security-oauth2-resource-server\6.4.7\spring-security-oauth2-resource-server-6.4.7.jar;C:\Users\Patricio\.m2\repository\org\springframework\security\spring-security-oauth2-core\6.4.7\spring-security-oauth2-core-6.4.7.jar;C:\Users\Patricio\.m2\repository\org\springframework\security\spring-security-web\6.4.7\spring-security-web-6.4.7.jar;C:\Users\Patricio\.m2\repository\org\springframework\security\spring-security-oauth2-jose\6.4.7\spring-security-oauth2-jose-6.4.7.jar;C:\Users\Patricio\.m2\repository\com\nimbusds\nimbus-jose-jwt\9.37.3\nimbus-jose-jwt-9.37.3.jar;C:\Users\Patricio\.m2\repository\com\github\stephenc\jcip\jcip-annotations\1.0-1\jcip-annotations-1.0-1.jar;C:\Users\Patricio\.m2\repository\org\springdoc\springdoc-openapi-starter-webmvc-ui\2.8.9\springdoc-openapi-starter-webmvc-ui-2.8.9.jar;C:\Users\Patricio\.m2\repository\org\springdoc\springdoc-openapi-starter-webmvc-api\2.8.9\springdoc-openapi-starter-webmvc-api-2.8.9.jar;C:\Users\Patricio\.m2\repository\org\springdoc\springdoc-openapi-starter-common\2.8.9\springdoc-openapi-starter-common-2.8.9.jar;C:\Users\Patricio\.m2\repository\org\springframework\boot\spring-boot-starter-validation\3.4.7\spring-boot-starter-validation-3.4.7.jar;C:\Users\Patricio\.m2\repository\org\hibernate\validator\hibernate-validator\8.0.2.Final\hibernate-validator-8.0.2.Final.jar;C:\Users\Patricio\.m2\repository\io\swagger\core\v3\swagger-core-jakarta\2.2.30\swagger-core-jakarta-2.2.30.jar;C:\Users\Patricio\.m2\repository\org\apache\commons\commons-lang3\3.17.0\commons-lang3-3.17.0.jar;C:\Users\Patricio\.m2\repository\io\swagger\core\v3\swagger-annotations-jakarta\2.2.30\swagger-annotations-jakarta-2.2.30.jar;C:\Users\Patricio\.m2\repository\io\swagger\core\v3\swagger-models-jakarta\2.2.30\swagger-models-jakarta-2.2.30.jar;C:\Users\Patricio\.m2\repository\jakarta\validation\jakarta.validation-api\3.0.2\jakarta.validation-api-3.0.2.jar;C:\Users\Patricio\.m2\repository\com\fasterxml\jackson\dataformat\jackson-dataformat-yaml\2.18.4\jackson-dataformat-yaml-2.18.4.jar;C:\Users\Patricio\.m2\repository\org\webjars\swagger-ui\5.21.0\swagger-ui-5.21.0.jar;C:\Users\Patricio\.m2\repository\org\webjars\webjars-locator-lite\1.0.1\webjars-locator-lite-1.0.1.jar;C:\Users\Patricio\.m2\repository\org\jspecify\jspecify\1.0.0\jspecify-1.0.0.jar;C:\Users\Patricio\.m2\repository\org\springframework\cloud\spring-cloud-starter-openfeign\4.2.1\spring-cloud-starter-openfeign-4.2.1.jar;C:\Users\Patricio\.m2\repository\org\springframework\cloud\spring-cloud-starter\4.2.1\spring-cloud-starter-4.2.1.jar;C:\Users\Patricio\.m2\repository\org\springframework\cloud\spring-cloud-context\4.2.1\spring-cloud-context-4.2.1.jar;C:\Users\Patricio\.m2\repository\org\bouncycastle\bcprov-jdk18on\1.78.1\bcprov-jdk18on-1.78.1.jar;C:\Users\Patricio\.m2\repository\org\springframework\cloud\spring-cloud-openfeign-core\4.2.1\spring-cloud-openfeign-core-4.2.1.jar;C:\Users\Patricio\.m2\repository\io\github\openfeign\feign-form-spring\13.5\feign-form-spring-13.5.jar;C:\Users\Patricio\.m2\repository\io\github\openfeign\feign-form\13.5\feign-form-13.5.jar;C:\Users\Patricio\.m2\repository\commons-fileupload\commons-fileupload\1.5\commons-fileupload-1.5.jar;C:\Users\Patricio\.m2\repository\org\springframework\spring-web\6.2.8\spring-web-6.2.8.jar;C:\Users\Patricio\.m2\repository\org\springframework\cloud\spring-cloud-commons\4.2.1\spring-cloud-commons-4.2.1.jar;C:\Users\Patricio\.m2\repository\io\github\openfeign\feign-core\13.5\feign-core-13.5.jar;C:\Users\Patricio\.m2\repository\io\github\openfeign\feign-slf4j\13.5\feign-slf4j-13.5.jar;C:\Users\Patricio\.m2\repository\org\slf4j\slf4j-api\2.0.17\slf4j-api-2.0.17.jar;C:\Users\Patricio\.m2\repository\org\springframework\boot\spring-boot-starter-data-jpa\3.4.7\spring-boot-starter-data-jpa-3.4.7.jar;C:\Users\Patricio\.m2\repository\org\springframework\boot\spring-boot-starter-jdbc\3.4.7\spring-boot-starter-jdbc-3.4.7.jar;C:\Users\Patricio\.m2\repository\com\zaxxer\HikariCP\5.1.0\HikariCP-5.1.0.jar;C:\Users\Patricio\.m2\repository\org\springframework\spring-jdbc\6.2.8\spring-jdbc-6.2.8.jar;C:\Users\Patricio\.m2\repository\org\hibernate\orm\hibernate-core\6.6.18.Final\hibernate-core-6.6.18.Final.jar;C:\Users\Patricio\.m2\repository\jakarta\persistence\jakarta.persistence-api\3.1.0\jakarta.persistence-api-3.1.0.jar;C:\Users\Patricio\.m2\repository\jakarta\transaction\jakarta.transaction-api\2.0.1\jakarta.transaction-api-2.0.1.jar;C:\Users\Patricio\.m2\repository\org\jboss\logging\jboss-logging\3.6.1.Final\jboss-logging-3.6.1.Final.jar;C:\Users\Patricio\.m2\repository\org\hibernate\common\hibernate-commons-annotations\7.0.3.Final\hibernate-commons-annotations-7.0.3.Final.jar;C:\Users\Patricio\.m2\repository\io\smallrye\jandex\3.2.0\jandex-3.2.0.jar;C:\Users\Patricio\.m2\repository\com\fasterxml\classmate\1.7.0\classmate-1.7.0.jar;C:\Users\Patricio\.m2\repository\net\bytebuddy\byte-buddy\1.15.11\byte-buddy-1.15.11.jar;C:\Users\Patricio\.m2\repository\org\glassfish\jaxb\jaxb-runtime\4.0.5\jaxb-runtime-4.0.5.jar;C:\Users\Patricio\.m2\repository\org\glassfish\jaxb\jaxb-core\4.0.5\jaxb-core-4.0.5.jar;C:\Users\Patricio\.m2\repository\org\eclipse\angus\angus-activation\2.0.2\angus-activation-2.0.2.jar;C:\Users\Patricio\.m2\repository\org\glassfish\jaxb\txw2\4.0.5\txw2-4.0.5.jar;C:\Users\Patricio\.m2\repository\com\sun\istack\istack-commons-runtime\4.1.2\istack-commons-runtime-4.1.2.jar;C:\Users\Patricio\.m2\repository\jakarta\inject\jakarta.inject-api\2.0.1\jakarta.inject-api-2.0.1.jar;C:\Users\Patricio\.m2\repository\org\antlr\antlr4-runtime\4.13.0\antlr4-runtime-4.13.0.jar;C:\Users\Patricio\.m2\repository\org\springframework\data\spring-data-jpa\3.4.7\spring-data-jpa-3.4.7.jar;C:\Users\Patricio\.m2\repository\org\springframework\data\spring-data-commons\3.4.7\spring-data-commons-3.4.7.jar;C:\Users\Patricio\.m2\repository\org\springframework\spring-orm\6.2.8\spring-orm-6.2.8.jar;C:\Users\Patricio\.m2\repository\org\springframework\spring-aspects\6.2.8\spring-aspects-6.2.8.jar;C:\Users\Patricio\.m2\repository\org\aspectj\aspectjweaver\1.9.24\aspectjweaver-1.9.24.jar;C:\Users\Patricio\.m2\repository\org\springframework\boot\spring-boot-starter-web\3.4.7\spring-boot-starter-web-3.4.7.jar;C:\Users\Patricio\.m2\repository\org\springframework\boot\spring-boot-starter-json\3.4.7\spring-boot-starter-json-3.4.7.jar;C:\Users\Patricio\.m2\repository\com\fasterxml\jackson\datatype\jackson-datatype-jdk8\2.18.4\jackson-datatype-jdk8-2.18.4.jar;C:\Users\Patricio\.m2\repository\com\fasterxml\jackson\module\jackson-module-parameter-names\2.18.4\jackson-module-parameter-names-2.18.4.jar;C:\Users\Patricio\.m2\repository\org\springframework\boot\spring-boot-starter-tomcat\3.4.7\spring-boot-starter-tomcat-3.4.7.jar;C:\Users\Patricio\.m2\repository\org\apache\tomcat\embed\tomcat-embed-core\10.1.42\tomcat-embed-core-10.1.42.jar;C:\Users\Patricio\.m2\repository\org\apache\tomcat\embed\tomcat-embed-el\10.1.42\tomcat-embed-el-10.1.42.jar;C:\Users\Patricio\.m2\repository\org\apache\tomcat\embed\tomcat-embed-websocket\10.1.42\tomcat-embed-websocket-10.1.42.jar;C:\Users\Patricio\.m2\repository\org\springframework\spring-webmvc\6.2.8\spring-webmvc-6.2.8.jar;C:\Users\Patricio\.m2\repository\org\springframework\cloud\spring-cloud-starter-netflix-eureka-client\4.2.1\spring-cloud-starter-netflix-eureka-client-4.2.1.jar;C:\Users\Patricio\.m2\repository\org\springframework\cloud\spring-cloud-netflix-eureka-client\4.2.1\spring-cloud-netflix-eureka-client-4.2.1.jar;C:\Users\Patricio\.m2\repository\org\apache\httpcomponents\client5\httpclient5\5.4.4\httpclient5-5.4.4.jar;C:\Users\Patricio\.m2\repository\org\apache\httpcomponents\core5\httpcore5\5.3.4\httpcore5-5.3.4.jar;C:\Users\Patricio\.m2\repository\org\apache\httpcomponents\core5\httpcore5-h2\5.3.4\httpcore5-h2-5.3.4.jar;C:\Users\Patricio\.m2\repository\com\netflix\eureka\eureka-client\2.0.4\eureka-client-2.0.4.jar;C:\Users\Patricio\.m2\repository\com\thoughtworks\xstream\xstream\1.4.20\xstream-1.4.20.jar;C:\Users\Patricio\.m2\repository\io\github\x-stream\mxparser\1.2.2\mxparser-1.2.2.jar;C:\Users\Patricio\.m2\repository\xmlpull\xmlpull\1.1.3.1\xmlpull-1.1.3.1.jar;C:\Users\Patricio\.m2\repository\jakarta\ws\rs\jakarta.ws.rs-api\3.1.0\jakarta.ws.rs-api-3.1.0.jar;C:\Users\Patricio\.m2\repository\com\netflix\spectator\spectator-api\1.7.3\spectator-api-1.7.3.jar;C:\Users\Patricio\.m2\repository\org\apache\httpcomponents\httpclient\4.5.3\httpclient-4.5.3.jar;C:\Users\Patricio\.m2\repository\org\apache\httpcomponents\httpcore\4.4.16\httpcore-4.4.16.jar;C:\Users\Patricio\.m2\repository\commons-codec\commons-codec\1.17.2\commons-codec-1.17.2.jar;C:\Users\Patricio\.m2\repository\commons-configuration\commons-configuration\1.10\commons-configuration-1.10.jar;C:\Users\Patricio\.m2\repository\commons-lang\commons-lang\2.6\commons-lang-2.6.jar;C:\Users\Patricio\.m2\repository\com\fasterxml\jackson\core\jackson-annotations\2.18.4\jackson-annotations-2.18.4.jar;C:\Users\Patricio\.m2\repository\com\fasterxml\jackson\core\jackson-core\2.18.4.1\jackson-core-2.18.4.1.jar;C:\Users\Patricio\.m2\repository\com\netflix\netflix-commons\netflix-eventbus\0.3.0\netflix-eventbus-0.3.0.jar;C:\Users\Patricio\.m2\repository\com\netflix\netflix-commons\netflix-infix\0.3.0\netflix-infix-0.3.0.jar;C:\Users\Patricio\.m2\repository\commons-jxpath\commons-jxpath\1.3\commons-jxpath-1.3.jar;C:\Users\Patricio\.m2\repository\joda-time\joda-time\2.3\joda-time-2.3.jar;C:\Users\Patricio\.m2\repository\org\antlr\antlr-runtime\3.4\antlr-runtime-3.4.jar;C:\Users\Patricio\.m2\repository\org\antlr\stringtemplate\3.2.1\stringtemplate-3.2.1.jar;C:\Users\Patricio\.m2\repository\antlr\antlr\2.7.7\antlr-2.7.7.jar;C:\Users\Patricio\.m2\repository\com\google\guava\guava\14.0.1\guava-14.0.1.jar;C:\Users\Patricio\.m2\repository\com\google\code\gson\gson\2.11.0\gson-2.11.0.jar;C:\Users\Patricio\.m2\repository\com\google\errorprone\error_prone_annotations\2.27.0\error_prone_annotations-2.27.0.jar;C:\Users\Patricio\.m2\repository\com\netflix\servo\servo-core\0.5.3\servo-core-0.5.3.jar;C:\Users\Patricio\.m2\repository\org\apache\commons\commons-math\2.2\commons-math-2.2.jar;C:\Users\Patricio\.m2\repository\javax\annotation\javax.annotation-api\1.2\javax.annotation-api-1.2.jar;C:\Users\Patricio\.m2\repository\org\codehaus\jettison\jettison\1.5.4\jettison-1.5.4.jar;C:\Users\Patricio\.m2\repository\org\springframework\cloud\spring-cloud-starter-loadbalancer\4.2.1\spring-cloud-starter-loadbalancer-4.2.1.jar;C:\Users\Patricio\.m2\repository\org\springframework\cloud\spring-cloud-loadbalancer\4.2.1\spring-cloud-loadbalancer-4.2.1.jar;C:\Users\Patricio\.m2\repository\io\projectreactor\reactor-core\3.7.7\reactor-core-3.7.7.jar;C:\Users\Patricio\.m2\repository\org\reactivestreams\reactive-streams\1.0.4\reactive-streams-1.0.4.jar;C:\Users\Patricio\.m2\repository\io\projectreactor\addons\reactor-extra\3.5.2\reactor-extra-3.5.2.jar;C:\Users\Patricio\.m2\repository\org\springframework\boot\spring-boot-starter-cache\3.4.7\spring-boot-starter-cache-3.4.7.jar;C:\Users\Patricio\.m2\repository\org\springframework\spring-context-support\6.2.8\spring-context-support-6.2.8.jar;C:\Users\Patricio\.m2\repository\com\stoyanr\evictor\1.0.0\evictor-1.0.0.jar;C:\Users\Patricio\.m2\repository\com\mysql\mysql-connector-j\9.1.0\mysql-connector-j-9.1.0.jar;C:\Users\Patricio\.m2\repository\org\projectlombok\lombok\1.18.38\lombok-1.18.38.jar;C:\Users\Patricio\.m2\repository\org\springframework\boot\spring-boot-starter-test\3.4.7\spring-boot-starter-test-3.4.7.jar;C:\Users\Patricio\.m2\repository\org\springframework\boot\spring-boot-test\3.4.7\spring-boot-test-3.4.7.jar;C:\Users\Patricio\.m2\repository\org\springframework\boot\spring-boot-test-autoconfigure\3.4.7\spring-boot-test-autoconfigure-3.4.7.jar;C:\Users\Patricio\.m2\repository\com\jayway\jsonpath\json-path\2.9.0\json-path-2.9.0.jar;C:\Users\Patricio\.m2\repository\jakarta\xml\bind\jakarta.xml.bind-api\4.0.2\jakarta.xml.bind-api-4.0.2.jar;C:\Users\Patricio\.m2\repository\jakarta\activation\jakarta.activation-api\2.1.3\jakarta.activation-api-2.1.3.jar;C:\Users\Patricio\.m2\repository\net\minidev\json-smart\2.5.2\json-smart-2.5.2.jar;C:\Users\Patricio\.m2\repository\net\minidev\accessors-smart\2.5.2\accessors-smart-2.5.2.jar;C:\Users\Patricio\.m2\repository\org\ow2\asm\asm\9.7.1\asm-9.7.1.jar;C:\Users\Patricio\.m2\repository\org\assertj\assertj-core\3.26.3\assertj-core-3.26.3.jar;C:\Users\Patricio\.m2\repository\org\awaitility\awaitility\4.2.2\awaitility-4.2.2.jar;C:\Users\Patricio\.m2\repository\org\hamcrest\hamcrest\2.2\hamcrest-2.2.jar;C:\Users\Patricio\.m2\repository\org\junit\jupiter\junit-jupiter\5.11.4\junit-jupiter-5.11.4.jar;C:\Users\Patricio\.m2\repository\org\junit\jupiter\junit-jupiter-api\5.11.4\junit-jupiter-api-5.11.4.jar;C:\Users\Patricio\.m2\repository\org\opentest4j\opentest4j\1.3.0\opentest4j-1.3.0.jar;C:\Users\Patricio\.m2\repository\org\junit\platform\junit-platform-commons\1.11.4\junit-platform-commons-1.11.4.jar;C:\Users\Patricio\.m2\repository\org\apiguardian\apiguardian-api\1.1.2\apiguardian-api-1.1.2.jar;C:\Users\Patricio\.m2\repository\org\junit\jupiter\junit-jupiter-params\5.11.4\junit-jupiter-params-5.11.4.jar;C:\Users\Patricio\.m2\repository\org\junit\jupiter\junit-jupiter-engine\5.11.4\junit-jupiter-engine-5.11.4.jar;C:\Users\Patricio\.m2\repository\org\junit\platform\junit-platform-engine\1.11.4\junit-platform-engine-1.11.4.jar;C:\Users\Patricio\.m2\repository\org\mockito\mockito-core\5.14.2\mockito-core-5.14.2.jar;C:\Users\Patricio\.m2\repository\net\bytebuddy\byte-buddy-agent\1.15.11\byte-buddy-agent-1.15.11.jar;C:\Users\Patricio\.m2\repository\org\objenesis\objenesis\3.3\objenesis-3.3.jar;C:\Users\Patricio\.m2\repository\org\mockito\mockito-junit-jupiter\5.14.2\mockito-junit-jupiter-5.14.2.jar;C:\Users\Patricio\.m2\repository\org\skyscreamer\jsonassert\1.5.3\jsonassert-1.5.3.jar;C:\Users\Patricio\.m2\repository\com\vaadin\external\google\android-json\0.0.20131108.vaadin1\android-json-0.0.20131108.vaadin1.jar;C:\Users\Patricio\.m2\repository\org\springframework\spring-core\6.2.8\spring-core-6.2.8.jar;C:\Users\Patricio\.m2\repository\org\springframework\spring-jcl\6.2.8\spring-jcl-6.2.8.jar;C:\Users\Patricio\.m2\repository\org\springframework\spring-test\6.2.8\spring-test-6.2.8.jar;C:\Users\Patricio\.m2\repository\org\xmlunit\xmlunit-core\2.10.2\xmlunit-core-2.10.2.jar;C:\Users\Patricio\.m2\repository\org\springframework\security\spring-security-config\6.4.7\spring-security-config-6.4.7.jar;C:\Users\Patricio\.m2\repository\org\springframework\spring-aop\6.2.8\spring-aop-6.2.8.jar;C:\Users\Patricio\.m2\repository\org\springframework\spring-beans\6.2.8\spring-beans-6.2.8.jar;C:\Users\Patricio\.m2\repository\org\springframework\spring-context\6.2.8\spring-context-6.2.8.jar;C:\Users\Patricio\.m2\repository\org\modelmapper\modelmapper\3.2.0\modelmapper-3.2.0.jar;C:\Users\Patricio\.m2\repository\org\springframework\cloud\spring-cloud-starter-circuitbreaker-resilience4j\3.2.1\spring-cloud-starter-circuitbreaker-resilience4j-3.2.1.jar;C:\Users\Patricio\.m2\repository\org\springframework\cloud\spring-cloud-circuitbreaker-resilience4j\3.2.1\spring-cloud-circuitbreaker-resilience4j-3.2.1.jar;C:\Users\Patricio\.m2\repository\io\github\resilience4j\resilience4j-spring-boot3\2.2.0\resilience4j-spring-boot3-2.2.0.jar;C:\Users\Patricio\.m2\repository\io\github\resilience4j\resilience4j-spring6\2.2.0\resilience4j-spring6-2.2.0.jar;C:\Users\Patricio\.m2\repository\io\github\resilience4j\resilience4j-annotations\2.2.0\resilience4j-annotations-2.2.0.jar;C:\Users\Patricio\.m2\repository\io\github\resilience4j\resilience4j-consumer\2.2.0\resilience4j-consumer-2.2.0.jar;C:\Users\Patricio\.m2\repository\io\github\resilience4j\resilience4j-circularbuffer\2.2.0\resilience4j-circularbuffer-2.2.0.jar;C:\Users\Patricio\.m2\repository\io\github\resilience4j\resilience4j-framework-common\2.2.0\resilience4j-framework-common-2.2.0.jar;C:\Users\Patricio\.m2\repository\io\github\resilience4j\resilience4j-micrometer\2.2.0\resilience4j-micrometer-2.2.0.jar;C:\Users\Patricio\.m2\repository\io\github\resilience4j\resilience4j-retry\2.2.0\resilience4j-retry-2.2.0.jar;C:\Users\Patricio\.m2\repository\io\github\resilience4j\resilience4j-ratelimiter\2.2.0\resilience4j-ratelimiter-2.2.0.jar;C:\Users\Patricio\.m2\repository\org\springframework\boot\spring-boot-configuration-processor\3.4.7\spring-boot-configuration-processor-3.4.7.jar;C:\Users\Patricio\.m2\repository\io\github\resilience4j\resilience4j-circuitbreaker\2.2.0\resilience4j-circuitbreaker-2.2.0.jar;C:\Users\Patricio\.m2\repository\io\github\resilience4j\resilience4j-core\2.2.0\resilience4j-core-2.2.0.jar;C:\Users\Patricio\.m2\repository\io\github\resilience4j\resilience4j-timelimiter\2.2.0\resilience4j-timelimiter-2.2.0.jar;"/>
    <property name="sun.cpu.endian" value="little"/>
    <property name="user.home" value="C:\Users\Patricio"/>
    <property name="user.language" value="es"/>
    <property name="java.specification.vendor" value="Oracle Corporation"/>
    <property name="java.version.date" value="2024-07-16"/>
    <property name="java.home" value="C:\Program Files\Java\jdk-17"/>
    <property name="file.separator" value="\"/>
    <property name="basedir" value="C:\Users\Patricio\Downloads\microservicios-stock\stock-service\stock-service"/>
    <property name="java.vm.compressedOopsMode" value="Zero based"/>
    <property name="line.separator" value="&#10;"/>
    <property name="java.vm.specification.vendor" value="Oracle Corporation"/>
    <property name="java.specification.name" value="Java Platform API Specification"/>
    <property name="surefire.real.class.path" value="C:\Users\Patricio\AppData\Local\Temp\surefire13816467198615267890\surefirebooter-20250911042920092_3.jar"/>
    <property name="user.script" value=""/>
    <property name="sun.management.compiler" value="HotSpot 64-Bit Tiered Compilers"/>
    <property name="java.runtime.version" value="17.0.12+8-LTS-286"/>
    <property name="user.name" value="Patricio"/>
    <property name="path.separator" value=";"/>
    <property name="os.version" value="10.0"/>
    <property name="java.runtime.name" value="Java(TM) SE Runtime Environment"/>
    <property name="file.encoding" value="Cp1252"/>
    <property name="java.vm.name" value="Java HotSpot(TM) 64-Bit Server VM"/>
    <property name="localRepository" value="C:\Users\Patricio\.m2\repository"/>
    <property name="java.vendor.url.bug" value="https://bugreport.java.com/bugreport/"/>
    <property name="java.io.tmpdir" value="C:\Users\Patricio\AppData\Local\Temp\"/>
    <property name="idea.version" value="2025.1.2"/>
    <property name="java.version" value="17.0.12"/>
    <property name="user.dir" value="C:\Users\Patricio\Downloads\microservicios-stock\stock-service\stock-service"/>
    <property name="os.arch" value="amd64"/>
    <property name="java.vm.specification.name" value="Java Virtual Machine Specification"/>
    <property name="sun.os.patch.level" value=""/>
    <property name="native.encoding" value="Cp1252"/>
    <property name="java.library.path" value="C:\Program Files\Java\jdk-17\bin;C:\WINDOWS\Sun\Java\bin;C:\WINDOWS\system32;C:\WINDOWS;C:\Program Files\Common Files\Oracle\Java\javapath;C:\WINDOWS\system32;C:\WINDOWS;C:\WINDOWS\System32\Wbem;C:\WINDOWS\System32\WindowsPowerShell\v1.0\;C:\WINDOWS\System32\OpenSSH\;C:\Program Files\Microsoft SQL Server\150\Tools\Binn\;C:\Program Files\dotnet\;C:\Program Files (x86)\Microsoft SQL Server\160\Tools\Binn\;C:\Program Files\Microsoft SQL Server\160\Tools\Binn\;C:\Program Files\Microsoft SQL Server\Client SDK\ODBC\170\Tools\Binn\;C:\Program Files\Microsoft SQL Server\160\DTS\Binn\;C:\Program Files (x86)\Microsoft SQL Server\160\DTS\Binn\;C:\Program Files\nodejs\;C:\Program Files\Git\cmd;C:\Program Files (x86)\Microsoft SQL Server\150\Tools\Binn\;C:\Program Files\Microsoft SQL Server\150\DTS\Binn\;C:\Users\Patricio\Downloads\apache-maven-3.9.9-bin\apache-maven-3.9.9\bin;;C:\Program Files\Docker\Docker\resources\bin;C:\Program Files\Azure Data Studio\bin;C:\Users\Patricio\AppData\Local\Programs\Python\Python312;C:\Users\Patricio\AppData\Local\Microsoft\WindowsApps;C:\Users\Patricio\.dotnet\tools;C:\Program Files\Azure Data Studio\bin;C:\Users\Patricio\AppData\Local\Programs\Microsoft VS Code\bin;C:\Users\Patricio\AppData\Local\Programs\Python\Python312\Scripts;C:\Users\Patricio\AppData\Local\GitHubDesktop\bin;C:\Users\Patricio\AppData\Roaming\npm;C:\Program Files\Java\jdk-17\bin;;C:\Program Files\Azure Data Studio\bin;."/>
    <property name="java.vm.info" value="mixed mode, sharing"/>
    <property name="java.vendor" value="Oracle Corporation"/>
    <property name="java.vm.version" value="17.0.12+8-LTS-286"/>
    <property name="sun.io.unicode.encoding" value="UnicodeLittle"/>
    <property name="java.class.version" value="61.0"/>
  </properties>
  <testcase name="" classname="com.patomicroservicios.stock_service.StockServiceApplicationTests" time="1.053">
    <error message="Unable to find a @SpringBootConfiguration by searching packages upwards from the test. You can use @ContextConfiguration, @SpringBootTest(classes=...) or other Spring Test supported mechanisms to explicitly declare the configuration classes to load. Classes annotated with @TestConfiguration are not considered." type="java.lang.IllegalStateException"><![CDATA[java.lang.IllegalStateException: Unable to find a @SpringBootConfiguration by searching packages upwards from the test. You can use @ContextConfiguration, @SpringBootTest(classes=...) or other Spring Test supported mechanisms to explicitly declare the configuration classes to load. Classes annotated with @TestConfiguration are not considered.
	at org.springframework.util.Assert.state(Assert.java:79)
	at org.springframework.boot.test.context.SpringBootTestContextBootstrapper.findConfigurationClass(SpringBootTestContextBootstrapper.java:246)
	at org.springframework.boot.test.context.SpringBootTestContextBootstrapper.getOrFindConfigurationClasses(SpringBootTestContextBootstrapper.java:233)
	at org.springframework.boot.test.context.SpringBootTestContextBootstrapper.processMergedContextConfiguration(SpringBootTestContextBootstrapper.java:150)
	at org.springframework.test.context.support.AbstractTestContextBootstrapper.buildMergedContextConfiguration(AbstractTestContextBootstrapper.java:351)
	at org.springframework.test.context.support.AbstractTestContextBootstrapper.buildDefaultMergedContextConfiguration(AbstractTestContextBootstrapper.java:267)
	at org.springframework.test.context.support.AbstractTestContextBootstrapper.buildMergedContextConfiguration(AbstractTestContextBootstrapper.java:215)
	at org.springframework.test.context.support.AbstractTestContextBootstrapper.buildTestContext(AbstractTestContextBootstrapper.java:108)
	at org.springframework.boot.test.context.SpringBootTestContextBootstrapper.buildTestContext(SpringBootTestContextBootstrapper.java:111)
	at org.springframework.test.context.TestContextManager.<init>(TestContextManager.java:142)
	at org.springframework.test.context.TestContextManager.<init>(TestContextManager.java:126)
	at org.springframework.test.context.junit.jupiter.SpringExtension.getTestContextManager(SpringExtension.java:362)
	at org.springframework.test.context.junit.jupiter.SpringExtension.beforeAll(SpringExtension.java:128)
	at java.base/java.util.ArrayList.forEach(ArrayList.java:1511)
]]></error>
    <system-out><![CDATA[04:29:22.115 [main] INFO org.springframework.test.context.support.AnnotationConfigContextLoaderUtils -- Could not detect default configuration classes for test class [com.patomicroservicios.stock_service.StockServiceApplicationTests]: StockServiceApplicationTests does not declare any static, non-private, non-final, nested classes annotated with @Configuration.
]]></system-out>
  </testcase>
</testsuite>